_ROBOT.ERR(Error History Data) v01.01
/*=====================================================*/
- Error number, Axis no, Aux info 2 =
- Date =
- Program number =
- Step number =
- Function number =
- Position data =
- I/O data =
/*=====================================================*/
#0001
	E-0159,5,0
	2024-10-15 08:48:16
	0001
	0001
	0005
	-0.193,56.740,-19.901
	3.663,48.308,-2.576
	SI(01-06) : [00 23 9B 08 03 00]
	DIB(01-08) : [80 00 00 00 00 00 00 00]
	  (09-16) : [00 00 00 00 00 00 00 00]
	  (17-24) : [00 00 00 00 00 00 00 00]
	  (25-32) : [00 00 00 00 00 00 00 C0]
	SO(01-06) : [F3 0D 03 33 00 00]
	DOB(01-08) : [00 00 00 24 00 00 00 00]
	  (09-16) : [00 00 00 00 00 00 00 00]
	  (17-24) : [00 00 00 00 00 00 00 00]
	  (25-32) : [00 00 00 00 00 00 00 00]
#0002
	E-0159,3,0
	2024-10-15 08:48:16
	0001
	0001
	0005
	-0.193,56.740,-19.901
	3.663,48.308,-2.576
	SI(01-06) : [00 23 9B 08 03 00]
	DIB(01-08) : [80 00 00 00 00 00 00 00]
	  (09-16) : [00 00 00 00 00 00 00 00]
	  (17-24) : [00 00 00 00 00 00 00 00]
	  (25-32) : [00 00 00 00 00 00 00 C0]
	SO(01-06) : [F3 0D 03 33 00 00]
	DOB(01-08) : [00 00 00 24 00 00 00 00]
	  (09-16) : [00 00 00 00 00 00 00 00]
	  (17-24) : [00 00 00 00 00 00 00 00]
	  (25-32) : [00 00 00 00 00 00 00 00]
#0003
	E-0159,2,0
	2024-10-15 08:48:16
	0001
	0001
	0005
	-0.193,56.740,-19.901
	3.663,48.308,-2.576
	SI(01-06) : [00 23 9B 08 03 00]
	DIB(01-08) : [80 00 00 00 00 00 00 00]
	  (09-16) : [00 00 00 00 00 00 00 00]
	  (17-24) : [00 00 00 00 00 00 00 00]
	  (25-32) : [00 00 00 00 00 00 00 C0]
	SO(01-06) : [F3 03 03 33 00 00]
	DOB(01-08) : [00 00 00 30 00 00 00 00]
	  (09-16) : [00 00 00 00 00 00 00 00]
	  (17-24) : [00 00 00 00 00 00 00 00]
	  (25-32) : [00 00 00 00 00 00 00 00]
#0004
	W-0174,0,0
	2024-10-15 08:45:08
	0001
	0001
	0005
	-0.207,60.318,-26.345
	3.496,51.167,-2.337
	SI(01-06) : [00 23 51 08 01 40]
	DIB(01-08) : [80 00 00 00 00 00 00 00]
	  (09-16) : [00 00 00 00 00 00 00 00]
	  (17-24) : [00 00 00 00 00 00 00 00]
	  (25-32) : [00 00 00 00 00 00 00 C0]
	SO(01-06) : [00 0C 03 00 00 00]
	DOB(01-08) : [00 00 00 24 00 00 00 00]
	  (09-16) : [00 00 00 00 00 00 00 00]
	  (17-24) : [00 00 00 00 00 00 00 00]
	  (25-32) : [00 00 00 00 00 00 00 00]
#0005
	E-0159,5,0
	2024-10-15 08:44:44
	0001
	0001
	0005
	-0.207,60.318,-26.345
	3.496,51.167,-2.337
	SI(01-06) : [00 23 9B 08 03 00]
	DIB(01-08) : [80 00 00 00 00 00 00 00]
	  (09-16) : [00 00 00 00 00 00 00 00]
	  (17-24) : [00 00 00 00 00 00 00 00]
	  (25-32) : [00 00 00 00 00 00 00 C0]
	SO(01-06) : [F3 0D 03 33 00 00]
	DOB(01-08) : [00 00 00 24 00 00 00 00]
	  (09-16) : [00 00 00 00 00 00 00 00]
	  (17-24) : [00 00 00 00 00 00 00 00]
	  (25-32) : [00 00 00 00 00 00 00 00]
#0006
	E-0159,3,0
	2024-10-15 08:44:44
	0001
	0001
	0005
	-0.207,60.318,-26.345
	3.496,51.167,-2.337
	SI(01-06) : [00 23 9B 08 03 00]
	DIB(01-08) : [80 00 00 00 00 00 00 00]
	  (09-16) : [00 00 00 00 00 00 00 00]
	  (17-24) : [00 00 00 00 00 00 00 00]
	  (25-32) : [00 00 00 00 00 00 00 C0]
	SO(01-06) : [F3 0D 03 33 00 00]
	DOB(01-08) : [00 00 00 24 00 00 00 00]
	  (09-16) : [00 00 00 00 00 00 00 00]
	  (17-24) : [00 00 00 00 00 00 00 00]
	  (25-32) : [00 00 00 00 00 00 00 00]
#0007
	E-0159,2,0
	2024-10-15 08:44:44
	0001
	0001
	0005
	-0.207,60.318,-26.345
	3.496,51.167,-2.337
	SI(01-06) : [00 23 9B 08 03 00]
	DIB(01-08) : [80 00 00 00 00 00 00 00]
	  (09-16) : [00 00 00 00 00 00 00 00]
	  (17-24) : [00 00 00 00 00 00 00 00]
	  (25-32) : [00 00 00 00 00 00 00 C0]
	SO(01-06) : [F3 03 03 33 00 00]
	DOB(01-08) : [00 00 00 30 00 00 00 00]
	  (09-16) : [00 00 00 00 00 00 00 00]
	  (17-24) : [00 00 00 00 00 00 00 00]
	  (25-32) : [00 00 00 00 00 00 00 00]
#0008
	W-0174,0,0
	2024-10-15 08:25:40
	0001
	0001
	0006
	-0.207,60.318,-26.345
	3.496,51.167,-2.337
	SI(01-06) : [00 23 51 08 01 00]
	DIB(01-08) : [80 00 00 00 00 00 00 00]
	  (09-16) : [00 00 00 00 00 00 00 00]
	  (17-24) : [00 00 00 00 00 00 00 00]
	  (25-32) : [00 00 00 00 00 00 00 C0]
	SO(01-06) : [00 0C 03 00 00 00]
	DOB(01-08) : [00 00 00 24 00 00 00 00]
	  (09-16) : [00 00 00 00 00 00 00 00]
	  (17-24) : [00 00 00 00 00 00 00 00]
	  (25-32) : [00 00 00 00 00 00 00 00]
#0009
	E-0159,5,0
	2024-10-15 08:25:24
	0001
	0001
	0006
	-0.207,60.318,-26.345
	3.496,51.167,-2.337
	SI(01-06) : [00 23 9B 08 03 00]
	DIB(01-08) : [80 00 00 00 00 00 00 00]
	  (09-16) : [00 00 00 00 00 00 00 00]
	  (17-24) : [00 00 00 00 00 00 00 00]
	  (25-32) : [00 00 00 00 00 00 00 C0]
	SO(01-06) : [F3 0D 03 33 00 00]
	DOB(01-08) : [00 00 00 24 00 00 00 00]
	  (09-16) : [00 00 00 00 00 00 00 00]
	  (17-24) : [00 00 00 00 00 00 00 00]
	  (25-32) : [00 00 00 00 00 00 00 00]
#0010
	E-0159,3,0
	2024-10-15 08:25:24
	0001
	0001
	0006
	-0.207,60.318,-26.345
	3.496,51.167,-2.337
	SI(01-06) : [00 23 9B 08 03 00]
	DIB(01-08) : [80 00 00 00 00 00 00 00]
	  (09-16) : [00 00 00 00 00 00 00 00]
	  (17-24) : [00 00 00 00 00 00 00 00]
	  (25-32) : [00 00 00 00 00 00 00 C0]
	SO(01-06) : [F3 0D 03 33 00 00]
	DOB(01-08) : [00 00 00 24 00 00 00 00]
	  (09-16) : [00 00 00 00 00 00 00 00]
	  (17-24) : [00 00 00 00 00 00 00 00]
	  (25-32) : [00 00 00 00 00 00 00 00]
#0011
	E-0159,2,0
	2024-10-15 08:25:24
	0001
	0001
	0006
	-0.207,60.318,-26.345
	3.496,51.167,-2.337
	SI(01-06) : [00 23 9B 08 03 00]
	DIB(01-08) : [80 00 00 00 00 00 00 00]
	  (09-16) : [00 00 00 00 00 00 00 00]
	  (17-24) : [00 00 00 00 00 00 00 00]
	  (25-32) : [00 00 00 00 00 00 00 C0]
	SO(01-06) : [F3 03 03 33 00 00]
	DOB(01-08) : [00 00 00 30 00 00 00 00]
	  (09-16) : [00 00 00 00 00 00 00 00]
	  (17-24) : [00 00 00 00 00 00 00 00]
	  (25-32) : [00 00 00 00 00 00 00 00]
#0012
	W-0174,0,0
	2024-10-15 08:24:48
	0001
	0001
	0006
	-0.206,60.318,-26.345
	3.496,51.167,-2.337
	SI(01-06) : [00 23 51 08 01 40]
	DIB(01-08) : [80 00 00 00 00 00 00 00]
	  (09-16) : [00 00 00 00 00 00 00 00]
	  (17-24) : [00 00 00 00 00 00 00 00]
	  (25-32) : [00 00 00 00 00 00 00 C0]
	SO(01-06) : [00 4C 03 00 00 00]
	DOB(01-08) : [00 00 00 20 00 00 00 00]
	  (09-16) : [00 00 00 00 00 00 00 00]
	  (17-24) : [00 00 00 00 00 00 00 00]
	  (25-32) : [00 00 00 00 00 00 00 00]
#0013
	E-0159,5,0
	2024-10-11 17:44:46
	0001
	0001
	0006
	-0.206,60.318,-26.345
	3.496,51.167,-2.337
	SI(01-06) : [00 23 9B 08 03 00]
	DIB(01-08) : [80 00 00 00 00 00 00 00]
	  (09-16) : [00 00 00 00 00 00 00 00]
	  (17-24) : [00 00 00 00 00 00 00 00]
	  (25-32) : [00 00 00 00 00 00 00 C0]
	SO(01-06) : [F3 0D 03 33 00 00]
	DOB(01-08) : [00 00 00 24 00 00 00 00]
	  (09-16) : [00 00 00 00 00 00 00 00]
	  (17-24) : [00 00 00 00 00 00 00 00]
	  (25-32) : [00 00 00 00 00 00 00 00]
#0014
	E-0159,3,0
	2024-10-11 17:44:46
	0001
	0001
	0006
	-0.206,60.318,-26.345
	3.496,51.167,-2.337
	SI(01-06) : [00 23 9B 08 03 00]
	DIB(01-08) : [80 00 00 00 00 00 00 00]
	  (09-16) : [00 00 00 00 00 00 00 00]
	  (17-24) : [00 00 00 00 00 00 00 00]
	  (25-32) : [00 00 00 00 00 00 00 C0]
	SO(01-06) : [F3 0D 03 33 00 00]
	DOB(01-08) : [00 00 00 24 00 00 00 00]
	  (09-16) : [00 00 00 00 00 00 00 00]
	  (17-24) : [00 00 00 00 00 00 00 00]
	  (25-32) : [00 00 00 00 00 00 00 00]
#0015
	E-0159,2,0
	2024-10-11 17:44:44
	0001
	0001
	0006
	-0.206,60.318,-26.345
	3.496,51.167,-2.337
	SI(01-06) : [00 23 9B 08 03 00]
	DIB(01-08) : [80 00 00 00 00 00 00 00]
	  (09-16) : [00 00 00 00 00 00 00 00]
	  (17-24) : [00 00 00 00 00 00 00 00]
	  (25-32) : [00 00 00 00 00 00 00 C0]
	SO(01-06) : [F3 03 03 33 00 00]
	DOB(01-08) : [00 00 00 30 00 00 00 00]
	  (09-16) : [00 00 00 00 00 00 00 00]
	  (17-24) : [00 00 00 00 00 00 00 00]
	  (25-32) : [00 00 00 00 00 00 00 00]
#0016
	W-0174,0,0
	2024-10-11 17:44:16
	0001
	0001
	0006
	0.408,70.036,-41.031
	4.017,56.144,-2.332
	SI(01-06) : [00 23 51 08 01 00]
	DIB(01-08) : [80 00 00 00 00 00 00 00]
	  (09-16) : [00 00 00 00 00 00 00 00]
	  (17-24) : [00 00 00 00 00 00 00 00]
	  (25-32) : [00 00 00 00 00 00 00 C0]
	SO(01-06) : [00 04 03 00 00 00]
	DOB(01-08) : [00 00 00 20 00 00 00 00]
	  (09-16) : [00 00 00 00 00 00 00 00]
	  (17-24) : [00 00 00 00 00 00 00 00]
	  (25-32) : [00 00 00 00 00 00 00 00]
#0017
	W-0174,0,0
	2024-10-11 17:43:54
	0001
	0001
	0006
	-0.206,60.318,-26.345
	3.497,51.167,-2.337
	SI(01-06) : [00 23 51 08 01 40]
	DIB(01-08) : [80 00 00 00 00 00 00 00]
	  (09-16) : [00 00 00 00 00 00 00 00]
	  (17-24) : [00 00 00 00 00 00 00 00]
	  (25-32) : [00 00 00 00 00 00 00 C0]
	SO(01-06) : [00 0C 03 00 00 00]
	DOB(01-08) : [00 00 00 24 00 00 00 00]
	  (09-16) : [00 00 00 00 00 00 00 00]
	  (17-24) : [00 00 00 00 00 00 00 00]
	  (25-32) : [00 00 00 00 00 00 00 00]
#0018
	E-0159,5,0
	2024-10-11 17:42:26
	0001
	0001
	0006
	-0.206,60.318,-26.345
	3.497,51.167,-2.337
	SI(01-06) : [00 23 9B 08 03 00]
	DIB(01-08) : [80 00 00 00 00 00 00 00]
	  (09-16) : [00 00 00 00 00 00 00 00]
	  (17-24) : [00 00 00 00 00 00 00 00]
	  (25-32) : [00 00 00 00 00 00 00 C0]
	SO(01-06) : [F3 0D 03 33 00 00]
	DOB(01-08) : [00 00 00 24 00 00 00 00]
	  (09-16) : [00 00 00 00 00 00 00 00]
	  (17-24) : [00 00 00 00 00 00 00 00]
	  (25-32) : [00 00 00 00 00 00 00 00]
#0019
	E-0159,3,0
	2024-10-11 17:42:26
	0001
	0001
	0006
	-0.206,60.318,-26.345
	3.497,51.167,-2.337
	SI(01-06) : [00 23 9B 08 03 00]
	DIB(01-08) : [80 00 00 00 00 00 00 00]
	  (09-16) : [00 00 00 00 00 00 00 00]
	  (17-24) : [00 00 00 00 00 00 00 00]
	  (25-32) : [00 00 00 00 00 00 00 C0]
	SO(01-06) : [F3 0D 03 33 00 00]
	DOB(01-08) : [00 00 00 24 00 00 00 00]
	  (09-16) : [00 00 00 00 00 00 00 00]
	  (17-24) : [00 00 00 00 00 00 00 00]
	  (25-32) : [00 00 00 00 00 00 00 00]
#0020
	E-0159,2,0
	2024-10-11 17:42:26
	0001
	0001
	0006
	-0.206,60.318,-26.345
	3.497,51.167,-2.337
	SI(01-06) : [00 23 9B 08 03 00]
	DIB(01-08) : [80 00 00 00 00 00 00 00]
	  (09-16) : [00 00 00 00 00 00 00 00]
	  (17-24) : [00 00 00 00 00 00 00 00]
	  (25-32) : [00 00 00 00 00 00 00 C0]
	SO(01-06) : [F3 03 03 33 00 00]
	DOB(01-08) : [00 00 00 30 00 00 00 00]
	  (09-16) : [00 00 00 00 00 00 00 00]
	  (17-24) : [00 00 00 00 00 00 00 00]
	  (25-32) : [00 00 00 00 00 00 00 00]
#0021
	W-0174,0,0
	2024-10-11 17:41:36
	0001
	0001
	0006
	-0.631,50.604,-10.126
	3.274,44.657,-2.510
	SI(01-06) : [00 23 51 08 01 00]
	DIB(01-08) : [80 00 00 00 00 00 00 00]
	  (09-16) : [00 00 00 00 00 00 00 00]
	  (17-24) : [00 00 00 00 00 00 00 00]
	  (25-32) : [00 00 00 00 00 00 00 C0]
	SO(01-06) : [00 0C 03 00 00 00]
	DOB(01-08) : [00 00 00 24 00 00 00 00]
	  (09-16) : [00 00 00 00 00 00 00 00]
	  (17-24) : [00 00 00 00 00 00 00 00]
	  (25-32) : [00 00 00 00 00 00 00 00]
#0022
	E-0159,5,0
	2024-10-11 17:39:22
	0001
	0001
	0006
	-0.631,50.604,-10.126
	3.273,44.657,-2.510
	SI(01-06) : [00 23 9B 08 03 00]
	DIB(01-08) : [80 00 00 00 00 00 00 00]
	  (09-16) : [00 00 00 00 00 00 00 00]
	  (17-24) : [00 00 00 00 00 00 00 00]
	  (25-32) : [00 00 00 00 00 00 00 C0]
	SO(01-06) : [F3 0D 03 33 00 00]
	DOB(01-08) : [00 00 00 24 00 00 00 00]
	  (09-16) : [00 00 00 00 00 00 00 00]
	  (17-24) : [00 00 00 00 00 00 00 00]
	  (25-32) : [00 00 00 00 00 00 00 00]
#0023
	E-0159,3,0
	2024-10-11 17:39:22
	0001
	0001
	0006
	-0.631,50.604,-10.126
	3.273,44.657,-2.510
	SI(01-06) : [00 23 9B 08 03 00]
	DIB(01-08) : [80 00 00 00 00 00 00 00]
	  (09-16) : [00 00 00 00 00 00 00 00]
	  (17-24) : [00 00 00 00 00 00 00 00]
	  (25-32) : [00 00 00 00 00 00 00 C0]
	SO(01-06) : [F3 0D 03 33 00 00]
	DOB(01-08) : [00 00 00 24 00 00 00 00]
	  (09-16) : [00 00 00 00 00 00 00 00]
	  (17-24) : [00 00 00 00 00 00 00 00]
	  (25-32) : [00 00 00 00 00 00 00 00]
#0024
	E-0159,2,0
	2024-10-11 17:39:22
	0001
	0001
	0006
	-0.631,50.604,-10.126
	3.273,44.657,-2.510
	SI(01-06) : [00 23 9B 08 03 00]
	DIB(01-08) : [80 00 00 00 00 00 00 00]
	  (09-16) : [00 00 00 00 00 00 00 00]
	  (17-24) : [00 00 00 00 00 00 00 00]
	  (25-32) : [00 00 00 00 00 00 00 C0]
	SO(01-06) : [F3 0D 03 33 00 00]
	DOB(01-08) : [00 00 00 24 00 00 00 00]
	  (09-16) : [00 00 00 00 00 00 00 00]
	  (17-24) : [00 00 00 00 00 00 00 00]
	  (25-32) : [00 00 00 00 00 00 00 00]
#0025
	E-0159,1,0
	2024-10-11 17:39:22
	0001
	0001
	0006
	-0.631,50.604,-10.126
	3.274,44.657,-2.510
	SI(01-06) : [00 23 9B 08 03 00]
	DIB(01-08) : [80 00 00 00 00 00 00 00]
	  (09-16) : [00 00 00 00 00 00 00 00]
	  (17-24) : [00 00 00 00 00 00 00 00]
	  (25-32) : [00 00 00 00 00 00 00 C0]
	SO(01-06) : [F3 03 03 33 00 00]
	DOB(01-08) : [00 00 00 30 00 00 00 00]
	  (09-16) : [00 00 00 00 00 00 00 00]
	  (17-24) : [00 00 00 00 00 00 00 00]
	  (25-32) : [00 00 00 00 00 00 00 00]
#0026
	W-0174,0,0
	2024-10-11 17:38:30
	0001
	0001
	0006
	0.409,70.036,-41.031
	4.017,56.145,-2.331
	SI(01-06) : [A0 23 51 08 01 00]
	DIB(01-08) : [80 00 00 00 00 00 00 00]
	  (09-16) : [00 00 00 00 00 00 00 00]
	  (17-24) : [00 00 00 00 00 00 00 00]
	  (25-32) : [00 00 00 00 00 00 00 C0]
	SO(01-06) : [00 04 03 00 00 00]
	DOB(01-08) : [00 00 00 20 00 00 00 00]
	  (09-16) : [00 00 00 00 00 00 00 00]
	  (17-24) : [00 00 00 00 00 00 00 00]
	  (25-32) : [00 00 00 00 00 00 00 00]
#0027
	W-0174,0,0
	2024-10-11 17:38:14
	0001
	0001
	0006
	0.408,70.036,-41.031
	4.017,56.145,-2.331
	SI(01-06) : [00 23 51 08 01 40]
	DIB(01-08) : [80 00 00 00 00 00 00 00]
	  (09-16) : [00 00 00 00 00 00 00 00]
	  (17-24) : [00 00 00 00 00 00 00 00]
	  (25-32) : [00 00 00 00 00 00 00 C0]
	SO(01-06) : [00 04 03 00 00 00]
	DOB(01-08) : [00 00 00 20 00 00 00 00]
	  (09-16) : [00 00 00 00 00 00 00 00]
	  (17-24) : [00 00 00 00 00 00 00 00]
	  (25-32) : [00 00 00 00 00 00 00 00]
#0028
	W-0174,0,0
	2024-10-11 17:22:22
	0001
	0001
	0006
	-0.279,58.879,-24.026
	3.446,50.286,-2.353
	SI(01-06) : [80 03 51 08 01 40]
	DIB(01-08) : [80 00 00 00 00 00 00 00]
	  (09-16) : [00 00 00 00 00 00 00 00]
	  (17-24) : [00 00 00 00 00 00 00 00]
	  (25-32) : [00 00 00 00 00 00 00 C0]
	SO(01-06) : [00 04 03 00 00 00]
	DOB(01-08) : [00 00 00 20 00 00 00 00]
	  (09-16) : [00 00 00 00 00 00 00 00]
	  (17-24) : [00 00 00 00 00 00 00 00]
	  (25-32) : [00 00 00 00 00 00 00 00]
#0029
	E-0159,5,0
	2024-10-11 17:21:26
	0001
	0001
	0006
	-0.279,58.879,-24.026
	3.446,50.286,-2.353
	SI(01-06) : [00 23 9B 08 03 00]
	DIB(01-08) : [80 00 00 00 00 00 00 00]
	  (09-16) : [00 00 00 00 00 00 00 00]
	  (17-24) : [00 00 00 00 00 00 00 00]
	  (25-32) : [00 00 00 00 00 00 00 C0]
	SO(01-06) : [F3 0D 03 33 00 00]
	DOB(01-08) : [00 00 00 24 00 00 00 00]
	  (09-16) : [00 00 00 00 00 00 00 00]
	  (17-24) : [00 00 00 00 00 00 00 00]
	  (25-32) : [00 00 00 00 00 00 00 00]
#0030
	E-0159,3,0
	2024-10-11 17:21:26
	0001
	0001
	0006
	-0.279,58.879,-24.026
	3.446,50.286,-2.353
	SI(01-06) : [00 23 9B 08 03 00]
	DIB(01-08) : [80 00 00 00 00 00 00 00]
	  (09-16) : [00 00 00 00 00 00 00 00]
	  (17-24) : [00 00 00 00 00 00 00 00]
	  (25-32) : [00 00 00 00 00 00 00 C0]
	SO(01-06) : [F3 0D 03 33 00 00]
	DOB(01-08) : [00 00 00 24 00 00 00 00]
	  (09-16) : [00 00 00 00 00 00 00 00]
	  (17-24) : [00 00 00 00 00 00 00 00]
	  (25-32) : [00 00 00 00 00 00 00 00]
#0031
	E-0159,2,0
	2024-10-11 17:21:26
	0001
	0001
	0006
	-0.279,58.879,-24.026
	3.446,50.286,-2.353
	SI(01-06) : [00 23 9B 08 03 00]
	DIB(01-08) : [80 00 00 00 00 00 00 00]
	  (09-16) : [00 00 00 00 00 00 00 00]
	  (17-24) : [00 00 00 00 00 00 00 00]
	  (25-32) : [00 00 00 00 00 00 00 C0]
	SO(01-06) : [F3 03 03 33 00 00]
	DOB(01-08) : [00 00 00 30 00 00 00 00]
	  (09-16) : [00 00 00 00 00 00 00 00]
	  (17-24) : [00 00 00 00 00 00 00 00]
	  (25-32) : [00 00 00 00 00 00 00 00]
#0032
	W-0174,0,0
	2024-10-11 17:20:52
	0001
	0001
	0006
	0.408,70.036,-41.031
	4.018,56.144,-2.331
	SI(01-06) : [00 23 51 08 01 40]
	DIB(01-08) : [80 00 00 00 00 00 00 00]
	  (09-16) : [00 00 00 00 00 00 00 00]
	  (17-24) : [00 00 00 00 00 00 00 00]
	  (25-32) : [00 00 00 00 00 00 00 C0]
	SO(01-06) : [00 04 03 00 00 00]
	DOB(01-08) : [00 00 00 20 00 00 00 00]
	  (09-16) : [00 00 00 00 00 00 00 00]
	  (17-24) : [00 00 00 00 00 00 00 00]
	  (25-32) : [00 00 00 00 00 00 00 00]
#0033
	W-0174,0,0
	2024-10-11 17:15:06
	0001
	0001
	0006
	-0.207,60.318,-26.345
	3.496,51.167,-2.337
	SI(01-06) : [80 03 51 08 01 40]
	DIB(01-08) : [80 00 00 00 00 00 00 00]
	  (09-16) : [00 00 00 00 00 00 00 00]
	  (17-24) : [00 00 00 00 00 00 00 00]
	  (25-32) : [00 00 00 00 00 00 00 C0]
	SO(01-06) : [00 04 03 00 00 00]
	DOB(01-08) : [00 00 00 20 00 00 00 00]
	  (09-16) : [00 00 00 00 00 00 00 00]
	  (17-24) : [00 00 00 00 00 00 00 00]
	  (25-32) : [00 00 00 00 00 00 00 00]
#0034
	E-0159,5,0
	2024-10-11 17:04:06
	0001
	0001
	0006
	-0.207,60.318,-26.345
	3.496,51.167,-2.337
	SI(01-06) : [00 23 9B 08 03 00]
	DIB(01-08) : [80 00 00 00 00 00 00 00]
	  (09-16) : [00 00 00 00 00 00 00 00]
	  (17-24) : [00 00 00 00 00 00 00 00]
	  (25-32) : [00 00 00 00 00 00 00 C0]
	SO(01-06) : [F3 0D 03 33 00 00]
	DOB(01-08) : [00 00 00 24 00 00 00 00]
	  (09-16) : [00 00 00 00 00 00 00 00]
	  (17-24) : [00 00 00 00 00 00 00 00]
	  (25-32) : [00 00 00 00 00 00 00 00]
#0035
	E-0159,3,0
	2024-10-11 17:04:06
	0001
	0001
	0006
	-0.207,60.318,-26.345
	3.496,51.167,-2.337
	SI(01-06) : [00 23 9B 08 03 00]
	DIB(01-08) : [80 00 00 00 00 00 00 00]
	  (09-16) : [00 00 00 00 00 00 00 00]
	  (17-24) : [00 00 00 00 00 00 00 00]
	  (25-32) : [00 00 00 00 00 00 00 C0]
	SO(01-06) : [F3 0D 03 33 00 00]
	DOB(01-08) : [00 00 00 24 00 00 00 00]
	  (09-16) : [00 00 00 00 00 00 00 00]
	  (17-24) : [00 00 00 00 00 00 00 00]
	  (25-32) : [00 00 00 00 00 00 00 00]
#0036
	E-0159,2,0
	2024-10-11 17:04:06
	0001
	0001
	0006
	-0.207,60.318,-26.345
	3.496,51.167,-2.337
	SI(01-06) : [00 23 9B 08 03 00]
	DIB(01-08) : [80 00 00 00 00 00 00 00]
	  (09-16) : [00 00 00 00 00 00 00 00]
	  (17-24) : [00 00 00 00 00 00 00 00]
	  (25-32) : [00 00 00 00 00 00 00 C0]
	SO(01-06) : [F3 03 03 33 00 00]
	DOB(01-08) : [00 00 00 30 00 00 00 00]
	  (09-16) : [00 00 00 00 00 00 00 00]
	  (17-24) : [00 00 00 00 00 00 00 00]
	  (25-32) : [00 00 00 00 00 00 00 00]
#0037
	W-0004,0,0
	2024-10-11 16:59:22
	0001
	0001
	0006
	-0.207,60.318,-26.345
	3.496,51.167,-2.337
	SI(01-06) : [A0 06 71 08 01 40]
	DIB(01-08) : [80 00 00 00 00 00 00 00]
	  (09-16) : [00 00 00 00 00 00 00 00]
	  (17-24) : [00 00 00 00 00 00 00 00]
	  (25-32) : [00 00 00 00 00 00 00 C0]
	SO(01-06) : [00 0C 00 00 00 00]
	DOB(01-08) : [00 00 00 00 00 00 00 00]
	  (09-16) : [00 00 00 00 00 00 00 00]
	  (17-24) : [00 00 00 00 00 00 00 00]
	  (25-32) : [00 00 00 00 00 00 00 00]
#0038
	W-0174,0,0
	2024-10-11 16:59:10
	0001
	0001
	0006
	-0.207,60.318,-26.345
	3.496,51.167,-2.337
	SI(01-06) : [00 23 51 08 01 40]
	DIB(01-08) : [80 00 00 00 00 00 00 00]
	  (09-16) : [00 00 00 00 00 00 00 00]
	  (17-24) : [00 00 00 00 00 00 00 00]
	  (25-32) : [00 00 00 00 00 00 00 C0]
	SO(01-06) : [00 0C 03 00 00 00]
	DOB(01-08) : [00 00 00 24 00 00 00 00]
	  (09-16) : [00 00 00 00 00 00 00 00]
	  (17-24) : [00 00 00 00 00 00 00 00]
	  (25-32) : [00 00 00 00 00 00 00 00]
#0039
	E-0159,5,0
	2024-10-11 16:57:00
	0001
	0001
	0006
	-0.207,60.318,-26.345
	3.497,51.167,-2.337
	SI(01-06) : [00 23 9B 08 03 00]
	DIB(01-08) : [80 00 00 00 00 00 00 00]
	  (09-16) : [00 00 00 00 00 00 00 00]
	  (17-24) : [00 00 00 00 00 00 00 00]
	  (25-32) : [00 00 00 00 00 00 00 C0]
	SO(01-06) : [F3 0D 03 33 00 00]
	DOB(01-08) : [00 00 00 24 00 00 00 00]
	  (09-16) : [00 00 00 00 00 00 00 00]
	  (17-24) : [00 00 00 00 00 00 00 00]
	  (25-32) : [00 00 00 00 00 00 00 00]
#0040
	E-0159,3,0
	2024-10-11 16:57:00
	0001
	0001
	0006
	-0.207,60.318,-26.345
	3.497,51.167,-2.337
	SI(01-06) : [00 23 9B 08 03 00]
	DIB(01-08) : [80 00 00 00 00 00 00 00]
	  (09-16) : [00 00 00 00 00 00 00 00]
	  (17-24) : [00 00 00 00 00 00 00 00]
	  (25-32) : [00 00 00 00 00 00 00 C0]
	SO(01-06) : [F3 0D 03 33 00 00]
	DOB(01-08) : [00 00 00 24 00 00 00 00]
	  (09-16) : [00 00 00 00 00 00 00 00]
	  (17-24) : [00 00 00 00 00 00 00 00]
	  (25-32) : [00 00 00 00 00 00 00 00]
#0041
	E-0159,2,0
	2024-10-11 16:57:00
	0001
	0001
	0006
	-0.207,60.318,-26.346
	3.497,51.167,-2.337
	SI(01-06) : [00 23 9B 08 03 00]
	DIB(01-08) : [80 00 00 00 00 00 00 00]
	  (09-16) : [00 00 00 00 00 00 00 00]
	  (17-24) : [00 00 00 00 00 00 00 00]
	  (25-32) : [00 00 00 00 00 00 00 C0]
	SO(01-06) : [F3 03 03 33 00 00]
	DOB(01-08) : [00 00 00 30 00 00 00 00]
	  (09-16) : [00 00 00 00 00 00 00 00]
	  (17-24) : [00 00 00 00 00 00 00 00]
	  (25-32) : [00 00 00 00 00 00 00 00]
#0042
	W-0174,0,0
	2024-10-11 16:54:38
	0001
	0001
	0006
	0.408,70.036,-41.031
	4.017,56.144,-2.332
	SI(01-06) : [00 23 51 08 01 40]
	DIB(01-08) : [80 00 00 00 00 00 00 00]
	  (09-16) : [00 00 00 00 00 00 00 00]
	  (17-24) : [00 00 00 00 00 00 00 00]
	  (25-32) : [00 00 00 00 00 00 00 C0]
	SO(01-06) : [00 04 03 00 00 00]
	DOB(01-08) : [00 00 00 20 00 00 00 00]
	  (09-16) : [00 00 00 00 00 00 00 00]
	  (17-24) : [00 00 00 00 00 00 00 00]
	  (25-32) : [00 00 00 00 00 00 00 00]
#0043
	W-0174,0,0
	2024-10-11 16:52:30
	0001
	0001
	0006
	-0.206,60.318,-26.345
	3.496,51.167,-2.338
	SI(01-06) : [00 23 51 08 01 40]
	DIB(01-08) : [80 00 00 00 00 00 00 00]
	  (09-16) : [00 00 00 00 00 00 00 00]
	  (17-24) : [00 00 00 00 00 00 00 00]
	  (25-32) : [00 00 00 00 00 00 00 C0]
	SO(01-06) : [00 0C 03 00 00 00]
	DOB(01-08) : [00 00 00 24 00 00 00 00]
	  (09-16) : [00 00 00 00 00 00 00 00]
	  (17-24) : [00 00 00 00 00 00 00 00]
	  (25-32) : [00 00 00 00 00 00 00 00]
#0044
	E-0159,5,0
	2024-10-11 16:42:44
	0001
	0001
	0006
	-0.206,60.318,-26.345
	3.496,51.167,-2.338
	SI(01-06) : [00 23 9B 08 03 00]
	DIB(01-08) : [80 00 00 00 00 00 00 00]
	  (09-16) : [00 00 00 00 00 00 00 00]
	  (17-24) : [00 00 00 00 00 00 00 00]
	  (25-32) : [00 00 00 00 00 00 00 C0]
	SO(01-06) : [F3 0D 03 33 00 00]
	DOB(01-08) : [00 00 00 24 00 00 00 00]
	  (09-16) : [00 00 00 00 00 00 00 00]
	  (17-24) : [00 00 00 00 00 00 00 00]
	  (25-32) : [00 00 00 00 00 00 00 00]
#0045
	E-0159,3,0
	2024-10-11 16:42:44
	0001
	0001
	0006
	-0.206,60.318,-26.345
	3.496,51.167,-2.338
	SI(01-06) : [00 23 9B 08 03 00]
	DIB(01-08) : [80 00 00 00 00 00 00 00]
	  (09-16) : [00 00 00 00 00 00 00 00]
	  (17-24) : [00 00 00 00 00 00 00 00]
	  (25-32) : [00 00 00 00 00 00 00 C0]
	SO(01-06) : [F3 0D 03 33 00 00]
	DOB(01-08) : [00 00 00 24 00 00 00 00]
	  (09-16) : [00 00 00 00 00 00 00 00]
	  (17-24) : [00 00 00 00 00 00 00 00]
	  (25-32) : [00 00 00 00 00 00 00 00]
#0046
	E-0159,2,0
	2024-10-11 16:42:44
	0001
	0001
	0006
	-0.206,60.318,-26.345
	3.496,51.167,-2.338
	SI(01-06) : [00 23 9B 08 03 00]
	DIB(01-08) : [80 00 00 00 00 00 00 00]
	  (09-16) : [00 00 00 00 00 00 00 00]
	  (17-24) : [00 00 00 00 00 00 00 00]
	  (25-32) : [00 00 00 00 00 00 00 C0]
	SO(01-06) : [F3 03 03 33 00 00]
	DOB(01-08) : [00 00 00 30 00 00 00 00]
	  (09-16) : [00 00 00 00 00 00 00 00]
	  (17-24) : [00 00 00 00 00 00 00 00]
	  (25-32) : [00 00 00 00 00 00 00 00]
#0047
	W-0174,0,0
	2024-10-11 16:41:30
	0001
	0001
	0006
	-0.206,60.318,-26.345
	3.496,51.167,-2.338
	SI(01-06) : [80 23 51 08 01 40]
	DIB(01-08) : [80 00 00 00 00 00 00 00]
	  (09-16) : [00 00 00 00 00 00 00 00]
	  (17-24) : [00 00 00 00 00 00 00 00]
	  (25-32) : [00 00 00 00 00 00 00 C0]
	SO(01-06) : [00 0C 03 00 00 00]
	DOB(01-08) : [00 00 00 24 00 00 00 00]
	  (09-16) : [00 00 00 00 00 00 00 00]
	  (17-24) : [00 00 00 00 00 00 00 00]
	  (25-32) : [00 00 00 00 00 00 00 00]
#0048
	E-0159,5,0
	2024-10-11 16:37:08
	0001
	0001
	0006
	-0.206,60.318,-26.345
	3.497,51.167,-2.337
	SI(01-06) : [00 23 9B 08 03 00]
	DIB(01-08) : [80 00 00 00 00 00 00 00]
	  (09-16) : [00 00 00 00 00 00 00 00]
	  (17-24) : [00 00 00 00 00 00 00 00]
	  (25-32) : [00 00 00 00 00 00 00 C0]
	SO(01-06) : [F3 0D 03 33 00 00]
	DOB(01-08) : [00 00 00 24 00 00 00 00]
	  (09-16) : [00 00 00 00 00 00 00 00]
	  (17-24) : [00 00 00 00 00 00 00 00]
	  (25-32) : [00 00 00 00 00 00 00 00]
#0049
	E-0159,3,0
	2024-10-11 16:37:08
	0001
	0001
	0006
	-0.206,60.318,-26.345
	3.497,51.167,-2.337
	SI(01-06) : [00 23 9B 08 03 00]
	DIB(01-08) : [80 00 00 00 00 00 00 00]
	  (09-16) : [00 00 00 00 00 00 00 00]
	  (17-24) : [00 00 00 00 00 00 00 00]
	  (25-32) : [00 00 00 00 00 00 00 C0]
	SO(01-06) : [F3 0D 03 33 00 00]
	DOB(01-08) : [00 00 00 24 00 00 00 00]
	  (09-16) : [00 00 00 00 00 00 00 00]
	  (17-24) : [00 00 00 00 00 00 00 00]
	  (25-32) : [00 00 00 00 00 00 00 00]
#0050
	E-0159,2,0
	2024-10-11 16:37:08
	0001
	0001
	0006
	-0.206,60.318,-26.345
	3.497,51.167,-2.337
	SI(01-06) : [00 23 9B 08 03 00]
	DIB(01-08) : [80 00 00 00 00 00 00 00]
	  (09-16) : [00 00 00 00 00 00 00 00]
	  (17-24) : [00 00 00 00 00 00 00 00]
	  (25-32) : [00 00 00 00 00 00 00 C0]
	SO(01-06) : [F3 03 03 33 00 00]
	DOB(01-08) : [00 00 00 30 00 00 00 00]
	  (09-16) : [00 00 00 00 00 00 00 00]
	  (17-24) : [00 00 00 00 00 00 00 00]
	  (25-32) : [00 00 00 00 00 00 00 00]
#0051
	W-0174,0,0
	2024-10-11 16:36:42
	0001
	0001
	0006
	-0.207,60.318,-26.345
	3.496,51.167,-2.337
	SI(01-06) : [00 23 51 08 01 00]
	DIB(01-08) : [80 00 00 00 00 00 00 00]
	  (09-16) : [00 00 00 00 00 00 00 00]
	  (17-24) : [00 00 00 00 00 00 00 00]
	  (25-32) : [00 00 00 00 00 00 00 C0]
	SO(01-06) : [00 0C 03 00 00 00]
	DOB(01-08) : [00 00 00 24 00 00 00 00]
	  (09-16) : [00 00 00 00 00 00 00 00]
	  (17-24) : [00 00 00 00 00 00 00 00]
	  (25-32) : [00 00 00 00 00 00 00 00]
#0052
	E-0159,5,0
	2024-10-11 16:35:28
	0001
	0001
	0006
	-0.207,60.318,-26.345
	3.496,51.167,-2.337
	SI(01-06) : [00 23 9B 08 03 00]
	DIB(01-08) : [80 00 00 00 00 00 00 00]
	  (09-16) : [00 00 00 00 00 00 00 00]
	  (17-24) : [00 00 00 00 00 00 00 00]
	  (25-32) : [00 00 00 00 00 00 00 C0]
	SO(01-06) : [F3 0D 03 33 00 00]
	DOB(01-08) : [00 00 00 24 00 00 00 00]
	  (09-16) : [00 00 00 00 00 00 00 00]
	  (17-24) : [00 00 00 00 00 00 00 00]
	  (25-32) : [00 00 00 00 00 00 00 00]
#0053
	E-0159,3,0
	2024-10-11 16:35:28
	0001
	0001
	0006
	-0.207,60.318,-26.345
	3.496,51.167,-2.337
	SI(01-06) : [00 23 9B 08 03 00]
	DIB(01-08) : [80 00 00 00 00 00 00 00]
	  (09-16) : [00 00 00 00 00 00 00 00]
	  (17-24) : [00 00 00 00 00 00 00 00]
	  (25-32) : [00 00 00 00 00 00 00 C0]
	SO(01-06) : [F3 0D 03 33 00 00]
	DOB(01-08) : [00 00 00 24 00 00 00 00]
	  (09-16) : [00 00 00 00 00 00 00 00]
	  (17-24) : [00 00 00 00 00 00 00 00]
	  (25-32) : [00 00 00 00 00 00 00 00]
#0054
	E-0159,2,0
	2024-10-11 16:35:28
	0001
	0001
	0006
	-0.207,60.318,-26.345
	3.496,51.167,-2.337
	SI(01-06) : [00 23 9B 08 03 00]
	DIB(01-08) : [80 00 00 00 00 00 00 00]
	  (09-16) : [00 00 00 00 00 00 00 00]
	  (17-24) : [00 00 00 00 00 00 00 00]
	  (25-32) : [00 00 00 00 00 00 00 C0]
	SO(01-06) : [F3 03 03 33 00 00]
	DOB(01-08) : [00 00 00 30 00 00 00 00]
	  (09-16) : [00 00 00 00 00 00 00 00]
	  (17-24) : [00 00 00 00 00 00 00 00]
	  (25-32) : [00 00 00 00 00 00 00 00]
#0055
	W-0174,0,0
	2024-10-11 16:34:20
	0001
	0001
	0007
	0.408,70.036,-41.031
	4.017,56.144,-2.332
	SI(01-06) : [00 23 51 08 01 40]
	DIB(01-08) : [80 00 00 00 00 00 00 00]
	  (09-16) : [00 00 00 00 00 00 00 00]
	  (17-24) : [00 00 00 00 00 00 00 00]
	  (25-32) : [00 00 00 00 00 00 00 C0]
	SO(01-06) : [00 04 03 00 00 00]
	DOB(01-08) : [00 00 00 20 00 00 00 00]
	  (09-16) : [00 00 00 00 00 00 00 00]
	  (17-24) : [00 00 00 00 00 00 00 00]
	  (25-32) : [00 00 00 00 00 00 00 00]
#0056
	W-0174,0,0
	2024-10-11 16:28:32
	0001
	0001
	0008
	-0.207,60.318,-26.345
	3.496,51.167,-2.337
	SI(01-06) : [00 23 51 08 01 40]
	DIB(01-08) : [80 00 00 00 00 00 00 00]
	  (09-16) : [00 00 00 00 00 00 00 00]
	  (17-24) : [00 00 00 00 00 00 00 00]
	  (25-32) : [00 00 00 00 00 00 00 C0]
	SO(01-06) : [00 0C 03 00 00 00]
	DOB(01-08) : [00 00 00 24 00 00 00 00]
	  (09-16) : [00 00 00 00 00 00 00 00]
	  (17-24) : [00 00 00 00 00 00 00 00]
	  (25-32) : [00 00 00 00 00 00 00 00]
#0057
	E-0159,5,0
	2024-10-11 16:26:22
	0001
	0001
	0007
	-0.207,60.318,-26.345
	3.496,51.167,-2.337
	SI(01-06) : [00 23 9B 08 03 00]
	DIB(01-08) : [80 00 00 00 00 00 00 00]
	  (09-16) : [00 00 00 00 00 00 00 00]
	  (17-24) : [00 00 00 00 00 00 00 00]
	  (25-32) : [00 00 00 00 00 00 00 C0]
	SO(01-06) : [F3 0D 03 33 00 00]
	DOB(01-08) : [00 00 00 24 00 00 00 00]
	  (09-16) : [00 00 00 00 00 00 00 00]
	  (17-24) : [00 00 00 00 00 00 00 00]
	  (25-32) : [00 00 00 00 00 00 00 00]
#0058
	E-0159,3,0
	2024-10-11 16:26:22
	0001
	0001
	0007
	-0.207,60.318,-26.345
	3.496,51.167,-2.337
	SI(01-06) : [00 23 9B 08 03 00]
	DIB(01-08) : [80 00 00 00 00 00 00 00]
	  (09-16) : [00 00 00 00 00 00 00 00]
	  (17-24) : [00 00 00 00 00 00 00 00]
	  (25-32) : [00 00 00 00 00 00 00 C0]
	SO(01-06) : [F3 0D 03 33 00 00]
	DOB(01-08) : [00 00 00 24 00 00 00 00]
	  (09-16) : [00 00 00 00 00 00 00 00]
	  (17-24) : [00 00 00 00 00 00 00 00]
	  (25-32) : [00 00 00 00 00 00 00 00]
#0059
	E-0159,2,0
	2024-10-11 16:26:22
	0001
	0001
	0007
	-0.207,60.318,-26.345
	3.496,51.167,-2.337
	SI(01-06) : [00 23 9B 08 03 00]
	DIB(01-08) : [80 00 00 00 00 00 00 00]
	  (09-16) : [00 00 00 00 00 00 00 00]
	  (17-24) : [00 00 00 00 00 00 00 00]
	  (25-32) : [00 00 00 00 00 00 00 C0]
	SO(01-06) : [F3 03 03 33 00 00]
	DOB(01-08) : [00 00 00 30 00 00 00 00]
	  (09-16) : [00 00 00 00 00 00 00 00]
	  (17-24) : [00 00 00 00 00 00 00 00]
	  (25-32) : [00 00 00 00 00 00 00 00]
#0060
	W-0174,0,0
	2024-10-11 16:25:30
	0001
	0001
	0007
	-0.206,60.318,-26.345
	3.497,51.167,-2.337
	SI(01-06) : [00 23 51 08 01 40]
	DIB(01-08) : [80 00 00 00 00 00 00 00]
	  (09-16) : [00 00 00 00 00 00 00 00]
	  (17-24) : [00 00 00 00 00 00 00 00]
	  (25-32) : [00 00 00 00 00 00 00 C0]
	SO(01-06) : [00 0C 03 00 00 00]
	DOB(01-08) : [00 00 00 24 00 00 00 00]
	  (09-16) : [00 00 00 00 00 00 00 00]
	  (17-24) : [00 00 00 00 00 00 00 00]
	  (25-32) : [00 00 00 00 00 00 00 00]
#0061
	E-0159,5,0
	2024-10-11 16:24:06
	0001
	0001
	0006
	-0.206,60.318,-26.345
	3.496,51.167,-2.337
	SI(01-06) : [00 23 9B 08 03 00]
	DIB(01-08) : [80 00 00 00 00 00 00 00]
	  (09-16) : [00 00 00 00 00 00 00 00]
	  (17-24) : [00 00 00 00 00 00 00 00]
	  (25-32) : [00 00 00 00 00 00 00 C0]
	SO(01-06) : [F3 0D 03 33 00 00]
	DOB(01-08) : [00 00 00 24 00 00 00 00]
	  (09-16) : [00 00 00 00 00 00 00 00]
	  (17-24) : [00 00 00 00 00 00 00 00]
	  (25-32) : [00 00 00 00 00 00 00 00]
#0062
	E-0159,3,0
	2024-10-11 16:24:06
	0001
	0001
	0006
	-0.206,60.318,-26.345
	3.497,51.167,-2.337
	SI(01-06) : [00 23 9B 08 03 00]
	DIB(01-08) : [80 00 00 00 00 00 00 00]
	  (09-16) : [00 00 00 00 00 00 00 00]
	  (17-24) : [00 00 00 00 00 00 00 00]
	  (25-32) : [00 00 00 00 00 00 00 C0]
	SO(01-06) : [F3 0D 03 33 00 00]
	DOB(01-08) : [00 00 00 24 00 00 00 00]
	  (09-16) : [00 00 00 00 00 00 00 00]
	  (17-24) : [00 00 00 00 00 00 00 00]
	  (25-32) : [00 00 00 00 00 00 00 00]
#0063
	E-0159,2,0
	2024-10-11 16:24:06
	0001
	0001
	0006
	-0.206,60.318,-26.345
	3.497,51.167,-2.337
	SI(01-06) : [00 23 9B 08 03 00]
	DIB(01-08) : [80 00 00 00 00 00 00 00]
	  (09-16) : [00 00 00 00 00 00 00 00]
	  (17-24) : [00 00 00 00 00 00 00 00]
	  (25-32) : [00 00 00 00 00 00 00 C0]
	SO(01-06) : [F3 03 03 33 00 00]
	DOB(01-08) : [00 00 00 30 00 00 00 00]
	  (09-16) : [00 00 00 00 00 00 00 00]
	  (17-24) : [00 00 00 00 00 00 00 00]
	  (25-32) : [00 00 00 00 00 00 00 00]
#0064
	W-0174,0,0
	2024-10-11 16:23:30
	0001
	0001
	0006
	-0.206,60.318,-26.345
	3.497,51.167,-2.337
	SI(01-06) : [00 23 51 08 01 40]
	DIB(01-08) : [80 00 00 00 00 00 00 00]
	  (09-16) : [00 00 00 00 00 00 00 00]
	  (17-24) : [00 00 00 00 00 00 00 00]
	  (25-32) : [00 00 00 00 00 00 00 C0]
	SO(01-06) : [00 0C 03 00 00 00]
	DOB(01-08) : [00 00 00 24 00 00 00 00]
	  (09-16) : [00 00 00 00 00 00 00 00]
	  (17-24) : [00 00 00 00 00 00 00 00]
	  (25-32) : [00 00 00 00 00 00 00 00]
#0065
	E-0159,5,0
	2024-10-11 16:20:20
	0001
	0001
	0005
	-0.206,60.318,-26.345
	3.496,51.167,-2.337
	SI(01-06) : [00 23 9B 08 03 00]
	DIB(01-08) : [80 00 00 00 00 00 00 00]
	  (09-16) : [00 00 00 00 00 00 00 00]
	  (17-24) : [00 00 00 00 00 00 00 00]
	  (25-32) : [00 00 00 00 00 00 00 C0]
	SO(01-06) : [F3 0D 03 33 00 00]
	DOB(01-08) : [00 00 00 24 00 00 00 00]
	  (09-16) : [00 00 00 00 00 00 00 00]
	  (17-24) : [00 00 00 00 00 00 00 00]
	  (25-32) : [00 00 00 00 00 00 00 00]
#0066
	E-0159,3,0
	2024-10-11 16:20:20
	0001
	0001
	0005
	-0.206,60.318,-26.345
	3.496,51.167,-2.337
	SI(01-06) : [00 23 9B 08 03 00]
	DIB(01-08) : [80 00 00 00 00 00 00 00]
	  (09-16) : [00 00 00 00 00 00 00 00]
	  (17-24) : [00 00 00 00 00 00 00 00]
	  (25-32) : [00 00 00 00 00 00 00 C0]
	SO(01-06) : [F3 0D 03 33 00 00]
	DOB(01-08) : [00 00 00 24 00 00 00 00]
	  (09-16) : [00 00 00 00 00 00 00 00]
	  (17-24) : [00 00 00 00 00 00 00 00]
	  (25-32) : [00 00 00 00 00 00 00 00]
#0067
	E-0159,2,0
	2024-10-11 16:20:20
	0001
	0001
	0005
	-0.206,60.318,-26.345
	3.497,51.167,-2.337
	SI(01-06) : [00 23 9B 08 03 00]
	DIB(01-08) : [80 00 00 00 00 00 00 00]
	  (09-16) : [00 00 00 00 00 00 00 00]
	  (17-24) : [00 00 00 00 00 00 00 00]
	  (25-32) : [00 00 00 00 00 00 00 C0]
	SO(01-06) : [F3 03 03 33 00 00]
	DOB(01-08) : [00 00 00 30 00 00 00 00]
	  (09-16) : [00 00 00 00 00 00 00 00]
	  (17-24) : [00 00 00 00 00 00 00 00]
	  (25-32) : [00 00 00 00 00 00 00 00]
#0068
	W-0174,0,0
	2024-10-11 16:18:56
	0001
	0001
	0005
	-0.207,60.318,-26.345
	3.496,51.167,-2.337
	SI(01-06) : [80 03 51 08 01 40]
	DIB(01-08) : [80 00 00 00 00 00 00 00]
	  (09-16) : [00 00 00 00 00 00 00 00]
	  (17-24) : [00 00 00 00 00 00 00 00]
	  (25-32) : [00 00 00 00 00 00 00 C0]
	SO(01-06) : [00 0C 03 00 00 00]
	DOB(01-08) : [00 00 00 24 00 00 00 00]
	  (09-16) : [00 00 00 00 00 00 00 00]
	  (17-24) : [00 00 00 00 00 00 00 00]
	  (25-32) : [00 00 00 00 00 00 00 00]
#0069
	E-0159,5,0
	2024-10-11 16:09:50
	0001
	0001
	0005
	-0.207,60.318,-26.345
	3.496,51.167,-2.337
	SI(01-06) : [00 23 9B 08 03 00]
	DIB(01-08) : [80 00 00 00 00 00 00 00]
	  (09-16) : [00 00 00 00 00 00 00 00]
	  (17-24) : [00 00 00 00 00 00 00 00]
	  (25-32) : [00 00 00 00 00 00 00 C0]
	SO(01-06) : [F3 0D 03 33 00 00]
	DOB(01-08) : [00 00 00 24 00 00 00 00]
	  (09-16) : [00 00 00 00 00 00 00 00]
	  (17-24) : [00 00 00 00 00 00 00 00]
	  (25-32) : [00 00 00 00 00 00 00 00]
#0070
	E-0159,3,0
	2024-10-11 16:09:50
	0001
	0001
	0005
	-0.207,60.318,-26.345
	3.496,51.167,-2.337
	SI(01-06) : [00 23 9B 08 03 00]
	DIB(01-08) : [80 00 00 00 00 00 00 00]
	  (09-16) : [00 00 00 00 00 00 00 00]
	  (17-24) : [00 00 00 00 00 00 00 00]
	  (25-32) : [00 00 00 00 00 00 00 C0]
	SO(01-06) : [F3 0D 03 33 00 00]
	DOB(01-08) : [00 00 00 24 00 00 00 00]
	  (09-16) : [00 00 00 00 00 00 00 00]
	  (17-24) : [00 00 00 00 00 00 00 00]
	  (25-32) : [00 00 00 00 00 00 00 00]
#0071
	E-0159,2,0
	2024-10-11 16:09:50
	0001
	0001
	0005
	-0.207,60.318,-26.345
	3.496,51.167,-2.337
	SI(01-06) : [00 23 9B 08 03 00]
	DIB(01-08) : [80 00 00 00 00 00 00 00]
	  (09-16) : [00 00 00 00 00 00 00 00]
	  (17-24) : [00 00 00 00 00 00 00 00]
	  (25-32) : [00 00 00 00 00 00 00 C0]
	SO(01-06) : [F3 03 03 33 00 00]
	DOB(01-08) : [00 00 00 30 00 00 00 00]
	  (09-16) : [00 00 00 00 00 00 00 00]
	  (17-24) : [00 00 00 00 00 00 00 00]
	  (25-32) : [00 00 00 00 00 00 00 00]
#0072
	W-0174,0,0
	2024-10-11 16:07:18
	0001
	0001
	0005
	-0.207,60.318,-26.345
	3.496,51.167,-2.337
	SI(01-06) : [80 03 51 08 01 40]
	DIB(01-08) : [80 00 00 00 00 00 00 00]
	  (09-16) : [00 00 00 00 00 00 00 00]
	  (17-24) : [00 00 00 00 00 00 00 00]
	  (25-32) : [00 00 00 00 00 00 00 C0]
	SO(01-06) : [00 0C 03 00 00 00]
	DOB(01-08) : [00 00 00 24 00 00 00 00]
	  (09-16) : [00 00 00 00 00 00 00 00]
	  (17-24) : [00 00 00 00 00 00 00 00]
	  (25-32) : [00 00 00 00 00 00 00 00]
#0073
	E-0159,5,0
	2024-10-11 14:32:24
	0001
	0001
	0005
	-0.207,60.318,-26.345
	3.496,51.167,-2.337
	SI(01-06) : [00 23 9B 08 03 00]
	DIB(01-08) : [80 00 00 00 00 00 00 00]
	  (09-16) : [00 00 00 00 00 00 00 00]
	  (17-24) : [00 00 00 00 00 00 00 00]
	  (25-32) : [00 00 00 00 00 00 00 C0]
	SO(01-06) : [F3 0D 03 33 00 00]
	DOB(01-08) : [00 00 00 24 00 00 00 00]
	  (09-16) : [00 00 00 00 00 00 00 00]
	  (17-24) : [00 00 00 00 00 00 00 00]
	  (25-32) : [00 00 00 00 00 00 00 00]
#0074
	E-0159,3,0
	2024-10-11 14:32:24
	0001
	0001
	0005
	-0.207,60.318,-26.345
	3.496,51.167,-2.337
	SI(01-06) : [00 23 9B 08 03 00]
	DIB(01-08) : [80 00 00 00 00 00 00 00]
	  (09-16) : [00 00 00 00 00 00 00 00]
	  (17-24) : [00 00 00 00 00 00 00 00]
	  (25-32) : [00 00 00 00 00 00 00 C0]
	SO(01-06) : [F3 0D 03 33 00 00]
	DOB(01-08) : [00 00 00 24 00 00 00 00]
	  (09-16) : [00 00 00 00 00 00 00 00]
	  (17-24) : [00 00 00 00 00 00 00 00]
	  (25-32) : [00 00 00 00 00 00 00 00]
#0075
	E-0159,2,0
	2024-10-11 14:32:24
	0001
	0001
	0005
	-0.207,60.318,-26.345
	3.496,51.167,-2.337
	SI(01-06) : [00 23 9B 08 03 00]
	DIB(01-08) : [80 00 00 00 00 00 00 00]
	  (09-16) : [00 00 00 00 00 00 00 00]
	  (17-24) : [00 00 00 00 00 00 00 00]
	  (25-32) : [00 00 00 00 00 00 00 C0]
	SO(01-06) : [F3 03 03 33 00 00]
	DOB(01-08) : [00 00 00 30 00 00 00 00]
	  (09-16) : [00 00 00 00 00 00 00 00]
	  (17-24) : [00 00 00 00 00 00 00 00]
	  (25-32) : [00 00 00 00 00 00 00 00]
#0076
	W-0174,0,0
	2024-10-11 14:31:26
	0001
	0001
	0005
	-0.206,60.318,-26.345
	3.497,51.167,-2.338
	SI(01-06) : [80 23 51 08 01 40]
	DIB(01-08) : [80 00 00 00 00 00 00 00]
	  (09-16) : [00 00 00 00 00 00 00 00]
	  (17-24) : [00 00 00 00 00 00 00 00]
	  (25-32) : [00 00 00 00 00 00 00 C0]
	SO(01-06) : [00 0C 03 00 00 00]
	DOB(01-08) : [00 00 00 24 00 00 00 00]
	  (09-16) : [00 00 00 00 00 00 00 00]
	  (17-24) : [00 00 00 00 00 00 00 00]
	  (25-32) : [00 00 00 00 00 00 00 00]
#0077
	E-0159,5,0
	2024-10-11 14:26:22
	0001
	0001
	0005
	-0.206,60.318,-26.345
	3.496,51.167,-2.338
	SI(01-06) : [00 23 9B 08 03 00]
	DIB(01-08) : [80 00 00 00 00 00 00 00]
	  (09-16) : [00 00 00 00 00 00 00 00]
	  (17-24) : [00 00 00 00 00 00 00 00]
	  (25-32) : [00 00 00 00 00 00 00 C0]
	SO(01-06) : [F3 0D 03 33 00 00]
	DOB(01-08) : [00 00 00 24 00 00 00 00]
	  (09-16) : [00 00 00 00 00 00 00 00]
	  (17-24) : [00 00 00 00 00 00 00 00]
	  (25-32) : [00 00 00 00 00 00 00 00]
#0078
	E-0159,3,0
	2024-10-11 14:26:22
	0001
	0001
	0005
	-0.206,60.318,-26.345
	3.496,51.167,-2.338
	SI(01-06) : [00 23 9B 08 03 00]
	DIB(01-08) : [80 00 00 00 00 00 00 00]
	  (09-16) : [00 00 00 00 00 00 00 00]
	  (17-24) : [00 00 00 00 00 00 00 00]
	  (25-32) : [00 00 00 00 00 00 00 C0]
	SO(01-06) : [F3 0D 03 33 00 00]
	DOB(01-08) : [00 00 00 24 00 00 00 00]
	  (09-16) : [00 00 00 00 00 00 00 00]
	  (17-24) : [00 00 00 00 00 00 00 00]
	  (25-32) : [00 00 00 00 00 00 00 00]
#0079
	E-0159,2,0
	2024-10-11 14:26:22
	0001
	0001
	0005
	-0.206,60.318,-26.345
	3.496,51.167,-2.338
	SI(01-06) : [00 23 9B 08 03 00]
	DIB(01-08) : [80 00 00 00 00 00 00 00]
	  (09-16) : [00 00 00 00 00 00 00 00]
	  (17-24) : [00 00 00 00 00 00 00 00]
	  (25-32) : [00 00 00 00 00 00 00 C0]
	SO(01-06) : [F3 03 03 33 00 00]
	DOB(01-08) : [00 00 00 30 00 00 00 00]
	  (09-16) : [00 00 00 00 00 00 00 00]
	  (17-24) : [00 00 00 00 00 00 00 00]
	  (25-32) : [00 00 00 00 00 00 00 00]
#0080
	W-0174,0,0
	2024-10-11 14:24:56
	0001
	0001
	0005
	38.699,33.682,0.199
	181.243,32.657,-245.931
	SI(01-06) : [80 23 51 08 01 00]
	DIB(01-08) : [80 00 00 00 00 00 00 00]
	  (09-16) : [00 00 00 00 00 00 00 00]
	  (17-24) : [00 00 00 00 00 00 00 00]
	  (25-32) : [00 00 00 00 00 00 00 C0]
	SO(01-06) : [00 0C 03 00 00 00]
	DOB(01-08) : [00 00 00 24 00 00 00 00]
	  (09-16) : [00 00 00 00 00 00 00 00]
	  (17-24) : [00 00 00 00 00 00 00 00]
	  (25-32) : [00 00 00 00 00 00 00 00]
#0081
	E-0159,5,0
	2024-10-11 14:23:36
	0001
	0001
	0005
	38.699,33.682,0.199
	181.243,32.657,-245.932
	SI(01-06) : [00 23 9B 08 03 00]
	DIB(01-08) : [80 00 00 00 00 00 00 00]
	  (09-16) : [00 00 00 00 00 00 00 00]
	  (17-24) : [00 00 00 00 00 00 00 00]
	  (25-32) : [00 00 00 00 00 00 00 C0]
	SO(01-06) : [F3 0D 03 33 00 00]
	DOB(01-08) : [00 00 00 24 00 00 00 00]
	  (09-16) : [00 00 00 00 00 00 00 00]
	  (17-24) : [00 00 00 00 00 00 00 00]
	  (25-32) : [00 00 00 00 00 00 00 00]
#0082
	E-0159,3,0
	2024-10-11 14:23:36
	0001
	0001
	0005
	38.699,33.682,0.199
	181.243,32.657,-245.932
	SI(01-06) : [00 23 9B 08 03 00]
	DIB(01-08) : [80 00 00 00 00 00 00 00]
	  (09-16) : [00 00 00 00 00 00 00 00]
	  (17-24) : [00 00 00 00 00 00 00 00]
	  (25-32) : [00 00 00 00 00 00 00 C0]
	SO(01-06) : [F3 0D 03 33 00 00]
	DOB(01-08) : [00 00 00 24 00 00 00 00]
	  (09-16) : [00 00 00 00 00 00 00 00]
	  (17-24) : [00 00 00 00 00 00 00 00]
	  (25-32) : [00 00 00 00 00 00 00 00]
#0083
	E-0159,2,0
	2024-10-11 14:23:36
	0001
	0001
	0005
	38.699,33.682,0.199
	181.243,32.657,-245.932
	SI(01-06) : [00 23 9B 08 03 00]
	DIB(01-08) : [80 00 00 00 00 00 00 00]
	  (09-16) : [00 00 00 00 00 00 00 00]
	  (17-24) : [00 00 00 00 00 00 00 00]
	  (25-32) : [00 00 00 00 00 00 00 C0]
	SO(01-06) : [F3 03 03 33 00 00]
	DOB(01-08) : [00 00 00 30 00 00 00 00]
	  (09-16) : [00 00 00 00 00 00 00 00]
	  (17-24) : [00 00 00 00 00 00 00 00]
	  (25-32) : [00 00 00 00 00 00 00 00]
#0084
	W-0174,0,0
	2024-10-11 14:22:16
	0001
	0001
	0005
	-0.206,60.318,-26.345
	3.497,51.167,-2.338
	SI(01-06) : [00 23 51 08 01 40]
	DIB(01-08) : [80 00 00 00 00 00 00 00]
	  (09-16) : [00 00 00 00 00 00 00 00]
	  (17-24) : [00 00 00 00 00 00 00 00]
	  (25-32) : [00 00 00 00 00 00 00 C0]
	SO(01-06) : [00 0C 03 00 00 00]
	DOB(01-08) : [00 00 00 24 00 00 00 00]
	  (09-16) : [00 00 00 00 00 00 00 00]
	  (17-24) : [00 00 00 00 00 00 00 00]
	  (25-32) : [00 00 00 00 00 00 00 00]
#0085
	E-0159,5,0
	2024-10-11 14:20:20
	0001
	0001
	0005
	-0.206,60.318,-26.345
	3.496,51.167,-2.338
	SI(01-06) : [00 23 9B 08 03 00]
	DIB(01-08) : [80 00 00 00 00 00 00 00]
	  (09-16) : [00 00 00 00 00 00 00 00]
	  (17-24) : [00 00 00 00 00 00 00 00]
	  (25-32) : [00 00 00 00 00 00 00 C0]
	SO(01-06) : [F3 0D 03 33 00 00]
	DOB(01-08) : [00 00 00 24 00 00 00 00]
	  (09-16) : [00 00 00 00 00 00 00 00]
	  (17-24) : [00 00 00 00 00 00 00 00]
	  (25-32) : [00 00 00 00 00 00 00 00]
#0086
	E-0159,3,0
	2024-10-11 14:20:20
	0001
	0001
	0005
	-0.206,60.318,-26.345
	3.496,51.167,-2.338
	SI(01-06) : [00 23 9B 08 03 00]
	DIB(01-08) : [80 00 00 00 00 00 00 00]
	  (09-16) : [00 00 00 00 00 00 00 00]
	  (17-24) : [00 00 00 00 00 00 00 00]
	  (25-32) : [00 00 00 00 00 00 00 C0]
	SO(01-06) : [F3 0D 03 33 00 00]
	DOB(01-08) : [00 00 00 24 00 00 00 00]
	  (09-16) : [00 00 00 00 00 00 00 00]
	  (17-24) : [00 00 00 00 00 00 00 00]
	  (25-32) : [00 00 00 00 00 00 00 00]
#0087
	E-0159,2,0
	2024-10-11 14:20:20
	0001
	0001
	0005
	-0.206,60.318,-26.345
	3.496,51.167,-2.338
	SI(01-06) : [00 23 9B 08 03 00]
	DIB(01-08) : [80 00 00 00 00 00 00 00]
	  (09-16) : [00 00 00 00 00 00 00 00]
	  (17-24) : [00 00 00 00 00 00 00 00]
	  (25-32) : [00 00 00 00 00 00 00 C0]
	SO(01-06) : [F3 03 03 33 00 00]
	DOB(01-08) : [00 00 00 30 00 00 00 00]
	  (09-16) : [00 00 00 00 00 00 00 00]
	  (17-24) : [00 00 00 00 00 00 00 00]
	  (25-32) : [00 00 00 00 00 00 00 00]
#0088
	W-0174,0,0
	2024-10-11 14:19:54
	0001
	0001
	0005
	-0.206,60.318,-26.345
	3.496,51.167,-2.337
	SI(01-06) : [00 23 51 08 01 00]
	DIB(01-08) : [80 00 00 00 00 00 00 00]
	  (09-16) : [00 00 00 00 00 00 00 00]
	  (17-24) : [00 00 00 00 00 00 00 00]
	  (25-32) : [00 00 00 00 00 00 00 C0]
	SO(01-06) : [00 0C 03 00 00 00]
	DOB(01-08) : [00 00 00 24 00 00 00 00]
	  (09-16) : [00 00 00 00 00 00 00 00]
	  (17-24) : [00 00 00 00 00 00 00 00]
	  (25-32) : [00 00 00 00 00 00 00 00]
#0089
	E-0159,5,0
	2024-10-11 14:18:56
	0001
	0001
	0005
	-0.206,60.318,-26.345
	3.496,51.167,-2.337
	SI(01-06) : [00 23 9B 08 03 00]
	DIB(01-08) : [80 00 00 00 00 00 00 00]
	  (09-16) : [00 00 00 00 00 00 00 00]
	  (17-24) : [00 00 00 00 00 00 00 00]
	  (25-32) : [00 00 00 00 00 00 00 C0]
	SO(01-06) : [F3 0D 03 33 00 00]
	DOB(01-08) : [00 00 00 24 00 00 00 00]
	  (09-16) : [00 00 00 00 00 00 00 00]
	  (17-24) : [00 00 00 00 00 00 00 00]
	  (25-32) : [00 00 00 00 00 00 00 00]
#0090
	E-0159,3,0
	2024-10-11 14:18:56
	0001
	0001
	0005
	-0.206,60.318,-26.345
	3.496,51.167,-2.337
	SI(01-06) : [00 23 9B 08 03 00]
	DIB(01-08) : [80 00 00 00 00 00 00 00]
	  (09-16) : [00 00 00 00 00 00 00 00]
	  (17-24) : [00 00 00 00 00 00 00 00]
	  (25-32) : [00 00 00 00 00 00 00 C0]
	SO(01-06) : [F3 0D 03 33 00 00]
	DOB(01-08) : [00 00 00 24 00 00 00 00]
	  (09-16) : [00 00 00 00 00 00 00 00]
	  (17-24) : [00 00 00 00 00 00 00 00]
	  (25-32) : [00 00 00 00 00 00 00 00]
#0091
	E-0159,2,0
	2024-10-11 14:18:56
	0001
	0001
	0005
	-0.206,60.318,-26.345
	3.496,51.167,-2.337
	SI(01-06) : [00 23 9B 08 03 00]
	DIB(01-08) : [80 00 00 00 00 00 00 00]
	  (09-16) : [00 00 00 00 00 00 00 00]
	  (17-24) : [00 00 00 00 00 00 00 00]
	  (25-32) : [00 00 00 00 00 00 00 C0]
	SO(01-06) : [F3 03 03 33 00 00]
	DOB(01-08) : [00 00 00 30 00 00 00 00]
	  (09-16) : [00 00 00 00 00 00 00 00]
	  (17-24) : [00 00 00 00 00 00 00 00]
	  (25-32) : [00 00 00 00 00 00 00 00]
#0092
	W-0174,0,0
	2024-10-11 14:18:24
	0001
	0001
	0005
	0.408,70.036,-41.031
	4.017,56.145,-2.332
	SI(01-06) : [A0 23 51 08 01 00]
	DIB(01-08) : [80 00 00 00 00 00 00 00]
	  (09-16) : [00 00 00 00 00 00 00 00]
	  (17-24) : [00 00 00 00 00 00 00 00]
	  (25-32) : [00 00 00 00 00 00 00 C0]
	SO(01-06) : [00 04 03 00 00 00]
	DOB(01-08) : [00 00 00 20 00 00 00 00]
	  (09-16) : [00 00 00 00 00 00 00 00]
	  (17-24) : [00 00 00 00 00 00 00 00]
	  (25-32) : [00 00 00 00 00 00 00 00]
#0093
	W-0174,0,0
	2024-10-11 14:17:46
	0001
	0001
	0005
	-0.202,60.317,-26.345
	3.530,51.177,28.490
	SI(01-06) : [80 23 51 08 01 00]
	DIB(01-08) : [80 00 00 00 00 00 00 00]
	  (09-16) : [00 00 00 00 00 00 00 00]
	  (17-24) : [00 00 00 00 00 00 00 00]
	  (25-32) : [00 00 00 00 00 00 00 C0]
	SO(01-06) : [00 0C 03 00 00 00]
	DOB(01-08) : [00 00 00 24 00 00 00 00]
	  (09-16) : [00 00 00 00 00 00 00 00]
	  (17-24) : [00 00 00 00 00 00 00 00]
	  (25-32) : [00 00 00 00 00 00 00 00]
#0094
	E-0159,6,0
	2024-10-11 14:16:42
	0001
	0001
	0005
	-0.202,60.317,-26.345
	3.530,51.177,28.490
	SI(01-06) : [00 23 9B 08 03 00]
	DIB(01-08) : [80 00 00 00 00 00 00 00]
	  (09-16) : [00 00 00 00 00 00 00 00]
	  (17-24) : [00 00 00 00 00 00 00 00]
	  (25-32) : [00 00 00 00 00 00 00 C0]
	SO(01-06) : [F3 0D 03 33 00 00]
	DOB(01-08) : [00 00 00 24 00 00 00 00]
	  (09-16) : [00 00 00 00 00 00 00 00]
	  (17-24) : [00 00 00 00 00 00 00 00]
	  (25-32) : [00 00 00 00 00 00 00 00]
#0095
	E-0159,5,0
	2024-10-11 14:16:42
	0001
	0001
	0005
	-0.202,60.317,-26.345
	3.530,51.177,28.490
	SI(01-06) : [00 23 9B 08 03 00]
	DIB(01-08) : [80 00 00 00 00 00 00 00]
	  (09-16) : [00 00 00 00 00 00 00 00]
	  (17-24) : [00 00 00 00 00 00 00 00]
	  (25-32) : [00 00 00 00 00 00 00 C0]
	SO(01-06) : [F3 0D 03 33 00 00]
	DOB(01-08) : [00 00 00 24 00 00 00 00]
	  (09-16) : [00 00 00 00 00 00 00 00]
	  (17-24) : [00 00 00 00 00 00 00 00]
	  (25-32) : [00 00 00 00 00 00 00 00]
#0096
	E-0159,3,0
	2024-10-11 14:16:42
	0001
	0001
	0005
	-0.202,60.317,-26.345
	3.530,51.177,28.490
	SI(01-06) : [00 23 9B 08 03 00]
	DIB(01-08) : [80 00 00 00 00 00 00 00]
	  (09-16) : [00 00 00 00 00 00 00 00]
	  (17-24) : [00 00 00 00 00 00 00 00]
	  (25-32) : [00 00 00 00 00 00 00 C0]
	SO(01-06) : [F3 0D 03 33 00 00]
	DOB(01-08) : [00 00 00 24 00 00 00 00]
	  (09-16) : [00 00 00 00 00 00 00 00]
	  (17-24) : [00 00 00 00 00 00 00 00]
	  (25-32) : [00 00 00 00 00 00 00 00]
#0097
	E-0159,2,0
	2024-10-11 14:16:42
	0001
	0001
	0005
	-0.202,60.317,-26.345
	3.530,51.177,28.490
	SI(01-06) : [00 23 9B 08 03 00]
	DIB(01-08) : [80 00 00 00 00 00 00 00]
	  (09-16) : [00 00 00 00 00 00 00 00]
	  (17-24) : [00 00 00 00 00 00 00 00]
	  (25-32) : [00 00 00 00 00 00 00 C0]
	SO(01-06) : [F3 03 03 33 00 00]
	DOB(01-08) : [00 00 00 30 00 00 00 00]
	  (09-16) : [00 00 00 00 00 00 00 00]
	  (17-24) : [00 00 00 00 00 00 00 00]
	  (25-32) : [00 00 00 00 00 00 00 00]
#0098
	W-0174,0,0
	2024-10-11 14:15:36
	0001
	0001
	0005
	0.408,70.036,-41.031
	4.018,56.144,-2.331
	SI(01-06) : [00 23 51 08 01 40]
	DIB(01-08) : [80 00 00 00 00 00 00 00]
	  (09-16) : [00 00 00 00 00 00 00 00]
	  (17-24) : [00 00 00 00 00 00 00 00]
	  (25-32) : [00 00 00 00 00 00 00 C0]
	SO(01-06) : [00 44 03 00 00 00]
	DOB(01-08) : [00 00 00 20 00 00 00 00]
	  (09-16) : [00 00 00 00 00 00 00 00]
	  (17-24) : [00 00 00 00 00 00 00 00]
	  (25-32) : [00 00 00 00 00 00 00 00]
#0099
	W-0174,0,0
	2024-10-09 12:35:04
	0001
	0001
	0005
	9.920,58.166,-38.614
	14.051,66.067,-5.060
	SI(01-06) : [00 23 51 08 01 40]
	DIB(01-08) : [80 00 00 00 00 00 00 00]
	  (09-16) : [00 00 00 00 00 00 00 00]
	  (17-24) : [00 00 00 00 00 00 00 00]
	  (25-32) : [00 00 00 00 00 00 00 C0]
	SO(01-06) : [00 44 03 00 00 00]
	DOB(01-08) : [00 00 00 20 00 00 00 00]
	  (09-16) : [00 00 00 00 00 00 00 00]
	  (17-24) : [00 00 00 00 00 00 00 00]
	  (25-32) : [00 00 00 00 00 00 00 00]
#0100
	W-0174,0,0
	2024-10-08 14:00:32
	0001
	0001
	0005
	0.409,70.036,-41.031
	4.017,56.144,-2.331
	SI(01-06) : [00 23 51 08 01 00]
	DIB(01-08) : [80 00 00 00 00 00 00 00]
	  (09-16) : [00 00 00 00 00 00 00 00]
	  (17-24) : [00 00 00 00 00 00 00 00]
	  (25-32) : [00 00 00 00 00 00 00 C0]
	SO(01-06) : [00 04 03 00 00 00]
	DOB(01-08) : [00 00 00 20 00 00 00 00]
	  (09-16) : [00 00 00 00 00 00 00 00]
	  (17-24) : [00 00 00 00 00 00 00 00]
	  (25-32) : [00 00 00 00 00 00 00 00]
